<?xml version="1.0" encoding="UTF-8"?>
<robot generator="Robot 6.0.2 (Python 3.11.3 on darwin)" generated="20230522 11:40:34.215" rpa="false" schemaversion="3">
<suite id="s1" name="Robot Actions" source="/Users/sergey/Documents/Python-projects/fireside-transcript-from-gdocs/src/dev/_robot_actions.robot">
<test id="s1-t1" name="Login to Fireside.fm" line="38">
<kw name="Set Selenium Speed" library="SeleniumLibrary">
<var>${speed}</var>
<arg>${speed}</arg>
<doc>Sets the delay that is waited after each Selenium command.</doc>
<msg timestamp="20230522 11:40:34.458" level="INFO">${speed} = 0 seconds</msg>
<status status="PASS" starttime="20230522 11:40:34.458" endtime="20230522 11:40:34.458"/>
</kw>
<kw name="Open Browser" library="SeleniumLibrary">
<arg>${URL}</arg>
<arg>${BROWSER}</arg>
<doc>Opens a new browser instance to the optional ``url``.</doc>
<msg timestamp="20230522 11:40:34.459" level="INFO">Opening browser 'chrome' to base url 'https://app.fireside.fm/login'.</msg>
<status status="PASS" starttime="20230522 11:40:34.459" endtime="20230522 11:40:41.792"/>
</kw>
<kw name="Set Selenium Speed" library="SeleniumLibrary">
<var>${speed}</var>
<arg>${speed}</arg>
<doc>Sets the delay that is waited after each Selenium command.</doc>
<msg timestamp="20230522 11:40:41.793" level="INFO">${speed} = 3 seconds</msg>
<status status="PASS" starttime="20230522 11:40:41.793" endtime="20230522 11:40:41.793"/>
</kw>
<kw name="Get xpath">
<var>${element}</var>
<arg>login_username</arg>
<if>
<branch type="IF" condition="&quot;${element}&quot; == &quot;login_username&quot;">
<kw name="Set Variable" library="BuiltIn">
<var>${res}</var>
<arg>xpath=//*[@id="email"]</arg>
<doc>Returns the given values which can then be assigned to a variables.</doc>
<msg timestamp="20230522 11:40:41.795" level="INFO">${res} = xpath=//*[@id="email"]</msg>
<status status="PASS" starttime="20230522 11:40:41.794" endtime="20230522 11:40:41.795"/>
</kw>
<status status="PASS" starttime="20230522 11:40:41.794" endtime="20230522 11:40:41.795"/>
</branch>
<branch type="ELSE IF" condition="&quot;${element}&quot; == &quot;login_pass&quot;">
<kw name="Set Variable" library="BuiltIn">
<var>${res}</var>
<arg>xpath=//*[@id="password"]</arg>
<doc>Returns the given values which can then be assigned to a variables.</doc>
<status status="NOT RUN" starttime="20230522 11:40:41.795" endtime="20230522 11:40:41.795"/>
</kw>
<status status="NOT RUN" starttime="20230522 11:40:41.795" endtime="20230522 11:40:41.795"/>
</branch>
<branch type="ELSE IF" condition="&quot;${element}&quot; == &quot;login_button&quot;">
<kw name="Get WebElement" library="SeleniumLibrary">
<var>${res}</var>
<arg>xpath=//*[@type="submit"]</arg>
<doc>Returns the first WebElement matching the given ``locator``.</doc>
<status status="NOT RUN" starttime="20230522 11:40:41.795" endtime="20230522 11:40:41.795"/>
</kw>
<status status="NOT RUN" starttime="20230522 11:40:41.795" endtime="20230522 11:40:41.795"/>
</branch>
<branch type="ELSE IF" condition="&quot;${element}&quot; == &quot;welcome_content&quot;">
<kw name="Set Variable" library="BuiltIn">
<var>${res}</var>
<arg>xpath=//*[@data-dismiss="alert"]</arg>
<doc>Returns the given values which can then be assigned to a variables.</doc>
<status status="NOT RUN" starttime="20230522 11:40:41.796" endtime="20230522 11:40:41.796"/>
</kw>
<status status="NOT RUN" starttime="20230522 11:40:41.795" endtime="20230522 11:40:41.796"/>
</branch>
<branch type="ELSE IF" condition="&quot;${element}&quot; == &quot;transcript_panel&quot;">
<kw name="Set Variable" library="BuiltIn">
<var>${res}</var>
<arg>xpath=//*[@aria-controls="transcript-panel"]</arg>
<doc>Returns the given values which can then be assigned to a variables.</doc>
<status status="NOT RUN" starttime="20230522 11:40:41.796" endtime="20230522 11:40:41.796"/>
</kw>
<status status="NOT RUN" starttime="20230522 11:40:41.796" endtime="20230522 11:40:41.796"/>
</branch>
<branch type="ELSE IF" condition="&quot;${element}&quot; == &quot;transcript_upload&quot;">
<kw name="Set Variable" library="BuiltIn">
<var>${res}</var>
<arg>xpath=//*[@id="transcript_upload_url"]</arg>
<doc>Returns the given values which can then be assigned to a variables.</doc>
<status status="NOT RUN" starttime="20230522 11:40:41.796" endtime="20230522 11:40:41.796"/>
</kw>
<status status="NOT RUN" starttime="20230522 11:40:41.796" endtime="20230522 11:40:41.796"/>
</branch>
<branch type="ELSE IF" condition="&quot;${element}&quot; == &quot;episode_form_submit_button&quot;">
<kw name="Set Variable" library="BuiltIn">
<var>${res}</var>
<arg>xpath=//*[@id="episode_form_submit_button"]</arg>
<doc>Returns the given values which can then be assigned to a variables.</doc>
<status status="NOT RUN" starttime="20230522 11:40:41.797" endtime="20230522 11:40:41.797"/>
</kw>
<status status="NOT RUN" starttime="20230522 11:40:41.796" endtime="20230522 11:40:41.797"/>
</branch>
<status status="PASS" starttime="20230522 11:40:41.794" endtime="20230522 11:40:41.797"/>
</if>
<msg timestamp="20230522 11:40:41.797" level="INFO">${element} = xpath=//*[@id="email"]</msg>
<status status="PASS" starttime="20230522 11:40:41.794" endtime="20230522 11:40:41.797"/>
</kw>
<kw name="Input Text" library="SeleniumLibrary">
<arg>${element}</arg>
<arg>${username}</arg>
<doc>Types the given ``text`` into the text field identified by ``locator``.</doc>
<msg timestamp="20230522 11:40:41.798" level="INFO">Typing text 'sergbaz@gmail.com' into text field 'xpath=//*[@id="email"]'.</msg>
<status status="PASS" starttime="20230522 11:40:41.797" endtime="20230522 11:40:42.071"/>
</kw>
<kw name="Get xpath">
<var>${element}</var>
<arg>login_pass</arg>
<if>
<branch type="IF" condition="&quot;${element}&quot; == &quot;login_username&quot;">
<kw name="Set Variable" library="BuiltIn">
<var>${res}</var>
<arg>xpath=//*[@id="email"]</arg>
<doc>Returns the given values which can then be assigned to a variables.</doc>
<status status="NOT RUN" starttime="20230522 11:40:42.072" endtime="20230522 11:40:42.072"/>
</kw>
<status status="NOT RUN" starttime="20230522 11:40:42.072" endtime="20230522 11:40:42.072"/>
</branch>
<branch type="ELSE IF" condition="&quot;${element}&quot; == &quot;login_pass&quot;">
<kw name="Set Variable" library="BuiltIn">
<var>${res}</var>
<arg>xpath=//*[@id="password"]</arg>
<doc>Returns the given values which can then be assigned to a variables.</doc>
<msg timestamp="20230522 11:40:42.073" level="INFO">${res} = xpath=//*[@id="password"]</msg>
<status status="PASS" starttime="20230522 11:40:42.072" endtime="20230522 11:40:42.073"/>
</kw>
<status status="PASS" starttime="20230522 11:40:42.072" endtime="20230522 11:40:42.073"/>
</branch>
<branch type="ELSE IF" condition="&quot;${element}&quot; == &quot;login_button&quot;">
<kw name="Get WebElement" library="SeleniumLibrary">
<var>${res}</var>
<arg>xpath=//*[@type="submit"]</arg>
<doc>Returns the first WebElement matching the given ``locator``.</doc>
<status status="NOT RUN" starttime="20230522 11:40:42.073" endtime="20230522 11:40:42.073"/>
</kw>
<status status="NOT RUN" starttime="20230522 11:40:42.073" endtime="20230522 11:40:42.073"/>
</branch>
<branch type="ELSE IF" condition="&quot;${element}&quot; == &quot;welcome_content&quot;">
<kw name="Set Variable" library="BuiltIn">
<var>${res}</var>
<arg>xpath=//*[@data-dismiss="alert"]</arg>
<doc>Returns the given values which can then be assigned to a variables.</doc>
<status status="NOT RUN" starttime="20230522 11:40:42.073" endtime="20230522 11:40:42.073"/>
</kw>
<status status="NOT RUN" starttime="20230522 11:40:42.073" endtime="20230522 11:40:42.073"/>
</branch>
<branch type="ELSE IF" condition="&quot;${element}&quot; == &quot;transcript_panel&quot;">
<kw name="Set Variable" library="BuiltIn">
<var>${res}</var>
<arg>xpath=//*[@aria-controls="transcript-panel"]</arg>
<doc>Returns the given values which can then be assigned to a variables.</doc>
<status status="NOT RUN" starttime="20230522 11:40:42.073" endtime="20230522 11:40:42.073"/>
</kw>
<status status="NOT RUN" starttime="20230522 11:40:42.073" endtime="20230522 11:40:42.073"/>
</branch>
<branch type="ELSE IF" condition="&quot;${element}&quot; == &quot;transcript_upload&quot;">
<kw name="Set Variable" library="BuiltIn">
<var>${res}</var>
<arg>xpath=//*[@id="transcript_upload_url"]</arg>
<doc>Returns the given values which can then be assigned to a variables.</doc>
<status status="NOT RUN" starttime="20230522 11:40:42.074" endtime="20230522 11:40:42.074"/>
</kw>
<status status="NOT RUN" starttime="20230522 11:40:42.073" endtime="20230522 11:40:42.074"/>
</branch>
<branch type="ELSE IF" condition="&quot;${element}&quot; == &quot;episode_form_submit_button&quot;">
<kw name="Set Variable" library="BuiltIn">
<var>${res}</var>
<arg>xpath=//*[@id="episode_form_submit_button"]</arg>
<doc>Returns the given values which can then be assigned to a variables.</doc>
<status status="NOT RUN" starttime="20230522 11:40:42.074" endtime="20230522 11:40:42.074"/>
</kw>
<status status="NOT RUN" starttime="20230522 11:40:42.074" endtime="20230522 11:40:42.074"/>
</branch>
<status status="PASS" starttime="20230522 11:40:42.072" endtime="20230522 11:40:42.074"/>
</if>
<msg timestamp="20230522 11:40:42.075" level="INFO">${element} = xpath=//*[@id="password"]</msg>
<status status="PASS" starttime="20230522 11:40:42.071" endtime="20230522 11:40:42.075"/>
</kw>
<kw name="Input Password" library="SeleniumLibrary">
<arg>${element}</arg>
<arg>${password}</arg>
<doc>Types the given password into the text field identified by ``locator``.</doc>
<msg timestamp="20230522 11:40:42.076" level="INFO">Typing password into text field 'xpath=//*[@id="password"]'.</msg>
<msg timestamp="20230522 11:40:42.166" level="INFO">Temporally setting log level to: NONE</msg>
<msg timestamp="20230522 11:40:42.334" level="INFO">Log level changed from NONE to INFO.</msg>
<status status="PASS" starttime="20230522 11:40:42.075" endtime="20230522 11:40:42.334"/>
</kw>
<kw name="Get xpath">
<var>${element}</var>
<arg>login_button</arg>
<if>
<branch type="IF" condition="&quot;${element}&quot; == &quot;login_username&quot;">
<kw name="Set Variable" library="BuiltIn">
<var>${res}</var>
<arg>xpath=//*[@id="email"]</arg>
<doc>Returns the given values which can then be assigned to a variables.</doc>
<status status="NOT RUN" starttime="20230522 11:40:42.335" endtime="20230522 11:40:42.335"/>
</kw>
<status status="NOT RUN" starttime="20230522 11:40:42.335" endtime="20230522 11:40:42.335"/>
</branch>
<branch type="ELSE IF" condition="&quot;${element}&quot; == &quot;login_pass&quot;">
<kw name="Set Variable" library="BuiltIn">
<var>${res}</var>
<arg>xpath=//*[@id="password"]</arg>
<doc>Returns the given values which can then be assigned to a variables.</doc>
<status status="NOT RUN" starttime="20230522 11:40:42.336" endtime="20230522 11:40:42.336"/>
</kw>
<status status="NOT RUN" starttime="20230522 11:40:42.335" endtime="20230522 11:40:42.336"/>
</branch>
<branch type="ELSE IF" condition="&quot;${element}&quot; == &quot;login_button&quot;">
<kw name="Get WebElement" library="SeleniumLibrary">
<var>${res}</var>
<arg>xpath=//*[@type="submit"]</arg>
<doc>Returns the first WebElement matching the given ``locator``.</doc>
<msg timestamp="20230522 11:40:42.364" level="INFO">${res} = &lt;selenium.webdriver.remote.webelement.WebElement (session="ed58ea340a22f2c00cb26a74497fd033", element="3687A22E817DD47C5DD0FDAE5F036AC4_element_9")&gt;</msg>
<status status="PASS" starttime="20230522 11:40:42.336" endtime="20230522 11:40:42.365"/>
</kw>
<status status="PASS" starttime="20230522 11:40:42.336" endtime="20230522 11:40:42.365"/>
</branch>
<branch type="ELSE IF" condition="&quot;${element}&quot; == &quot;welcome_content&quot;">
<kw name="Set Variable" library="BuiltIn">
<var>${res}</var>
<arg>xpath=//*[@data-dismiss="alert"]</arg>
<doc>Returns the given values which can then be assigned to a variables.</doc>
<status status="NOT RUN" starttime="20230522 11:40:42.365" endtime="20230522 11:40:42.365"/>
</kw>
<status status="NOT RUN" starttime="20230522 11:40:42.365" endtime="20230522 11:40:42.365"/>
</branch>
<branch type="ELSE IF" condition="&quot;${element}&quot; == &quot;transcript_panel&quot;">
<kw name="Set Variable" library="BuiltIn">
<var>${res}</var>
<arg>xpath=//*[@aria-controls="transcript-panel"]</arg>
<doc>Returns the given values which can then be assigned to a variables.</doc>
<status status="NOT RUN" starttime="20230522 11:40:42.366" endtime="20230522 11:40:42.366"/>
</kw>
<status status="NOT RUN" starttime="20230522 11:40:42.365" endtime="20230522 11:40:42.366"/>
</branch>
<branch type="ELSE IF" condition="&quot;${element}&quot; == &quot;transcript_upload&quot;">
<kw name="Set Variable" library="BuiltIn">
<var>${res}</var>
<arg>xpath=//*[@id="transcript_upload_url"]</arg>
<doc>Returns the given values which can then be assigned to a variables.</doc>
<status status="NOT RUN" starttime="20230522 11:40:42.366" endtime="20230522 11:40:42.366"/>
</kw>
<status status="NOT RUN" starttime="20230522 11:40:42.366" endtime="20230522 11:40:42.366"/>
</branch>
<branch type="ELSE IF" condition="&quot;${element}&quot; == &quot;episode_form_submit_button&quot;">
<kw name="Set Variable" library="BuiltIn">
<var>${res}</var>
<arg>xpath=//*[@id="episode_form_submit_button"]</arg>
<doc>Returns the given values which can then be assigned to a variables.</doc>
<status status="NOT RUN" starttime="20230522 11:40:42.366" endtime="20230522 11:40:42.366"/>
</kw>
<status status="NOT RUN" starttime="20230522 11:40:42.366" endtime="20230522 11:40:42.366"/>
</branch>
<status status="PASS" starttime="20230522 11:40:42.335" endtime="20230522 11:40:42.366"/>
</if>
<msg timestamp="20230522 11:40:42.367" level="INFO">${element} = &lt;selenium.webdriver.remote.webelement.WebElement (session="ed58ea340a22f2c00cb26a74497fd033", element="3687A22E817DD47C5DD0FDAE5F036AC4_element_9")&gt;</msg>
<status status="PASS" starttime="20230522 11:40:42.334" endtime="20230522 11:40:42.367"/>
</kw>
<kw name="Click Element" library="SeleniumLibrary">
<arg>${element}</arg>
<doc>Click the element identified by ``locator``.</doc>
<msg timestamp="20230522 11:40:42.368" level="INFO">Clicking element '&lt;selenium.webdriver.remote.webelement.WebElement (session="ed58ea340a22f2c00cb26a74497fd033", element="3687A22E817DD47C5DD0FDAE5F036AC4_element_9")&gt;'.</msg>
<status status="PASS" starttime="20230522 11:40:42.367" endtime="20230522 11:40:44.703"/>
</kw>
<kw name="Get xpath">
<var>${element}</var>
<arg>welcome_content</arg>
<if>
<branch type="IF" condition="&quot;${element}&quot; == &quot;login_username&quot;">
<kw name="Set Variable" library="BuiltIn">
<var>${res}</var>
<arg>xpath=//*[@id="email"]</arg>
<doc>Returns the given values which can then be assigned to a variables.</doc>
<status status="NOT RUN" starttime="20230522 11:40:44.704" endtime="20230522 11:40:44.704"/>
</kw>
<status status="NOT RUN" starttime="20230522 11:40:44.704" endtime="20230522 11:40:44.704"/>
</branch>
<branch type="ELSE IF" condition="&quot;${element}&quot; == &quot;login_pass&quot;">
<kw name="Set Variable" library="BuiltIn">
<var>${res}</var>
<arg>xpath=//*[@id="password"]</arg>
<doc>Returns the given values which can then be assigned to a variables.</doc>
<status status="NOT RUN" starttime="20230522 11:40:44.704" endtime="20230522 11:40:44.705"/>
</kw>
<status status="NOT RUN" starttime="20230522 11:40:44.704" endtime="20230522 11:40:44.705"/>
</branch>
<branch type="ELSE IF" condition="&quot;${element}&quot; == &quot;login_button&quot;">
<kw name="Get WebElement" library="SeleniumLibrary">
<var>${res}</var>
<arg>xpath=//*[@type="submit"]</arg>
<doc>Returns the first WebElement matching the given ``locator``.</doc>
<status status="NOT RUN" starttime="20230522 11:40:44.705" endtime="20230522 11:40:44.705"/>
</kw>
<status status="NOT RUN" starttime="20230522 11:40:44.705" endtime="20230522 11:40:44.705"/>
</branch>
<branch type="ELSE IF" condition="&quot;${element}&quot; == &quot;welcome_content&quot;">
<kw name="Set Variable" library="BuiltIn">
<var>${res}</var>
<arg>xpath=//*[@data-dismiss="alert"]</arg>
<doc>Returns the given values which can then be assigned to a variables.</doc>
<msg timestamp="20230522 11:40:44.705" level="INFO">${res} = xpath=//*[@data-dismiss="alert"]</msg>
<status status="PASS" starttime="20230522 11:40:44.705" endtime="20230522 11:40:44.705"/>
</kw>
<status status="PASS" starttime="20230522 11:40:44.705" endtime="20230522 11:40:44.705"/>
</branch>
<branch type="ELSE IF" condition="&quot;${element}&quot; == &quot;transcript_panel&quot;">
<kw name="Set Variable" library="BuiltIn">
<var>${res}</var>
<arg>xpath=//*[@aria-controls="transcript-panel"]</arg>
<doc>Returns the given values which can then be assigned to a variables.</doc>
<status status="NOT RUN" starttime="20230522 11:40:44.706" endtime="20230522 11:40:44.706"/>
</kw>
<status status="NOT RUN" starttime="20230522 11:40:44.706" endtime="20230522 11:40:44.706"/>
</branch>
<branch type="ELSE IF" condition="&quot;${element}&quot; == &quot;transcript_upload&quot;">
<kw name="Set Variable" library="BuiltIn">
<var>${res}</var>
<arg>xpath=//*[@id="transcript_upload_url"]</arg>
<doc>Returns the given values which can then be assigned to a variables.</doc>
<status status="NOT RUN" starttime="20230522 11:40:44.706" endtime="20230522 11:40:44.706"/>
</kw>
<status status="NOT RUN" starttime="20230522 11:40:44.706" endtime="20230522 11:40:44.706"/>
</branch>
<branch type="ELSE IF" condition="&quot;${element}&quot; == &quot;episode_form_submit_button&quot;">
<kw name="Set Variable" library="BuiltIn">
<var>${res}</var>
<arg>xpath=//*[@id="episode_form_submit_button"]</arg>
<doc>Returns the given values which can then be assigned to a variables.</doc>
<status status="NOT RUN" starttime="20230522 11:40:44.706" endtime="20230522 11:40:44.706"/>
</kw>
<status status="NOT RUN" starttime="20230522 11:40:44.706" endtime="20230522 11:40:44.706"/>
</branch>
<status status="PASS" starttime="20230522 11:40:44.704" endtime="20230522 11:40:44.706"/>
</if>
<msg timestamp="20230522 11:40:44.707" level="INFO">${element} = xpath=//*[@data-dismiss="alert"]</msg>
<status status="PASS" starttime="20230522 11:40:44.703" endtime="20230522 11:40:44.707"/>
</kw>
<kw name="Wait Until Page Contains Element" library="SeleniumLibrary">
<arg>${element}</arg>
<doc>Waits until the element ``locator`` appears on the current page.</doc>
<status status="PASS" starttime="20230522 11:40:44.707" endtime="20230522 11:40:44.739"/>
</kw>
<status status="PASS" starttime="20230522 11:40:34.457" endtime="20230522 11:40:44.739"/>
</test>
<test id="s1-t2" name="Open Episode edit Page" line="57">
<kw name="Set Selenium Speed" library="SeleniumLibrary">
<var>${speed}</var>
<arg>${speed}</arg>
<doc>Sets the delay that is waited after each Selenium command.</doc>
<msg timestamp="20230522 11:40:44.741" level="INFO">${speed} = 0 seconds</msg>
<status status="PASS" starttime="20230522 11:40:44.741" endtime="20230522 11:40:44.741"/>
</kw>
<kw name="Go To" library="SeleniumLibrary">
<arg>${ep_edit_url}</arg>
<doc>Navigates the current browser window to the provided ``url``.</doc>
<msg timestamp="20230522 11:40:44.742" level="INFO">Opening url 'https://app.fireside.fm/podcasts/transcript-tst/episodes/b0cd4cc6-8f99-4907-89fd-1a001ee75b1f/edit'</msg>
<status status="PASS" starttime="20230522 11:40:44.742" endtime="20230522 11:40:49.482"/>
</kw>
<kw name="Set Selenium Speed" library="SeleniumLibrary">
<var>${speed}</var>
<arg>${speed}</arg>
<doc>Sets the delay that is waited after each Selenium command.</doc>
<msg timestamp="20230522 11:40:49.482" level="INFO">${speed} = 3 seconds</msg>
<status status="PASS" starttime="20230522 11:40:49.482" endtime="20230522 11:40:49.483"/>
</kw>
<kw name="Get xpath">
<var>${element}</var>
<arg>transcript_panel</arg>
<if>
<branch type="IF" condition="&quot;${element}&quot; == &quot;login_username&quot;">
<kw name="Set Variable" library="BuiltIn">
<var>${res}</var>
<arg>xpath=//*[@id="email"]</arg>
<doc>Returns the given values which can then be assigned to a variables.</doc>
<status status="NOT RUN" starttime="20230522 11:40:49.484" endtime="20230522 11:40:49.484"/>
</kw>
<status status="NOT RUN" starttime="20230522 11:40:49.483" endtime="20230522 11:40:49.484"/>
</branch>
<branch type="ELSE IF" condition="&quot;${element}&quot; == &quot;login_pass&quot;">
<kw name="Set Variable" library="BuiltIn">
<var>${res}</var>
<arg>xpath=//*[@id="password"]</arg>
<doc>Returns the given values which can then be assigned to a variables.</doc>
<status status="NOT RUN" starttime="20230522 11:40:49.484" endtime="20230522 11:40:49.484"/>
</kw>
<status status="NOT RUN" starttime="20230522 11:40:49.484" endtime="20230522 11:40:49.484"/>
</branch>
<branch type="ELSE IF" condition="&quot;${element}&quot; == &quot;login_button&quot;">
<kw name="Get WebElement" library="SeleniumLibrary">
<var>${res}</var>
<arg>xpath=//*[@type="submit"]</arg>
<doc>Returns the first WebElement matching the given ``locator``.</doc>
<status status="NOT RUN" starttime="20230522 11:40:49.485" endtime="20230522 11:40:49.485"/>
</kw>
<status status="NOT RUN" starttime="20230522 11:40:49.484" endtime="20230522 11:40:49.485"/>
</branch>
<branch type="ELSE IF" condition="&quot;${element}&quot; == &quot;welcome_content&quot;">
<kw name="Set Variable" library="BuiltIn">
<var>${res}</var>
<arg>xpath=//*[@data-dismiss="alert"]</arg>
<doc>Returns the given values which can then be assigned to a variables.</doc>
<status status="NOT RUN" starttime="20230522 11:40:49.485" endtime="20230522 11:40:49.485"/>
</kw>
<status status="NOT RUN" starttime="20230522 11:40:49.485" endtime="20230522 11:40:49.485"/>
</branch>
<branch type="ELSE IF" condition="&quot;${element}&quot; == &quot;transcript_panel&quot;">
<kw name="Set Variable" library="BuiltIn">
<var>${res}</var>
<arg>xpath=//*[@aria-controls="transcript-panel"]</arg>
<doc>Returns the given values which can then be assigned to a variables.</doc>
<msg timestamp="20230522 11:40:49.486" level="INFO">${res} = xpath=//*[@aria-controls="transcript-panel"]</msg>
<status status="PASS" starttime="20230522 11:40:49.486" endtime="20230522 11:40:49.486"/>
</kw>
<status status="PASS" starttime="20230522 11:40:49.486" endtime="20230522 11:40:49.486"/>
</branch>
<branch type="ELSE IF" condition="&quot;${element}&quot; == &quot;transcript_upload&quot;">
<kw name="Set Variable" library="BuiltIn">
<var>${res}</var>
<arg>xpath=//*[@id="transcript_upload_url"]</arg>
<doc>Returns the given values which can then be assigned to a variables.</doc>
<status status="NOT RUN" starttime="20230522 11:40:49.486" endtime="20230522 11:40:49.486"/>
</kw>
<status status="NOT RUN" starttime="20230522 11:40:49.486" endtime="20230522 11:40:49.486"/>
</branch>
<branch type="ELSE IF" condition="&quot;${element}&quot; == &quot;episode_form_submit_button&quot;">
<kw name="Set Variable" library="BuiltIn">
<var>${res}</var>
<arg>xpath=//*[@id="episode_form_submit_button"]</arg>
<doc>Returns the given values which can then be assigned to a variables.</doc>
<status status="NOT RUN" starttime="20230522 11:40:49.486" endtime="20230522 11:40:49.486"/>
</kw>
<status status="NOT RUN" starttime="20230522 11:40:49.486" endtime="20230522 11:40:49.486"/>
</branch>
<status status="PASS" starttime="20230522 11:40:49.483" endtime="20230522 11:40:49.486"/>
</if>
<msg timestamp="20230522 11:40:49.487" level="INFO">${element} = xpath=//*[@aria-controls="transcript-panel"]</msg>
<status status="PASS" starttime="20230522 11:40:49.483" endtime="20230522 11:40:49.487"/>
</kw>
<kw name="Click Element" library="SeleniumLibrary">
<arg>${element}</arg>
<doc>Click the element identified by ``locator``.</doc>
<msg timestamp="20230522 11:40:49.487" level="INFO">Clicking element 'xpath=//*[@aria-controls="transcript-panel"]'.</msg>
<status status="PASS" starttime="20230522 11:40:49.487" endtime="20230522 11:40:49.721"/>
</kw>
<kw name="Get xpath">
<var>${element}</var>
<arg>transcript_upload</arg>
<if>
<branch type="IF" condition="&quot;${element}&quot; == &quot;login_username&quot;">
<kw name="Set Variable" library="BuiltIn">
<var>${res}</var>
<arg>xpath=//*[@id="email"]</arg>
<doc>Returns the given values which can then be assigned to a variables.</doc>
<status status="NOT RUN" starttime="20230522 11:40:49.722" endtime="20230522 11:40:49.722"/>
</kw>
<status status="NOT RUN" starttime="20230522 11:40:49.721" endtime="20230522 11:40:49.722"/>
</branch>
<branch type="ELSE IF" condition="&quot;${element}&quot; == &quot;login_pass&quot;">
<kw name="Set Variable" library="BuiltIn">
<var>${res}</var>
<arg>xpath=//*[@id="password"]</arg>
<doc>Returns the given values which can then be assigned to a variables.</doc>
<status status="NOT RUN" starttime="20230522 11:40:49.722" endtime="20230522 11:40:49.722"/>
</kw>
<status status="NOT RUN" starttime="20230522 11:40:49.722" endtime="20230522 11:40:49.722"/>
</branch>
<branch type="ELSE IF" condition="&quot;${element}&quot; == &quot;login_button&quot;">
<kw name="Get WebElement" library="SeleniumLibrary">
<var>${res}</var>
<arg>xpath=//*[@type="submit"]</arg>
<doc>Returns the first WebElement matching the given ``locator``.</doc>
<status status="NOT RUN" starttime="20230522 11:40:49.723" endtime="20230522 11:40:49.723"/>
</kw>
<status status="NOT RUN" starttime="20230522 11:40:49.722" endtime="20230522 11:40:49.723"/>
</branch>
<branch type="ELSE IF" condition="&quot;${element}&quot; == &quot;welcome_content&quot;">
<kw name="Set Variable" library="BuiltIn">
<var>${res}</var>
<arg>xpath=//*[@data-dismiss="alert"]</arg>
<doc>Returns the given values which can then be assigned to a variables.</doc>
<status status="NOT RUN" starttime="20230522 11:40:49.723" endtime="20230522 11:40:49.723"/>
</kw>
<status status="NOT RUN" starttime="20230522 11:40:49.723" endtime="20230522 11:40:49.723"/>
</branch>
<branch type="ELSE IF" condition="&quot;${element}&quot; == &quot;transcript_panel&quot;">
<kw name="Set Variable" library="BuiltIn">
<var>${res}</var>
<arg>xpath=//*[@aria-controls="transcript-panel"]</arg>
<doc>Returns the given values which can then be assigned to a variables.</doc>
<status status="NOT RUN" starttime="20230522 11:40:49.723" endtime="20230522 11:40:49.723"/>
</kw>
<status status="NOT RUN" starttime="20230522 11:40:49.723" endtime="20230522 11:40:49.723"/>
</branch>
<branch type="ELSE IF" condition="&quot;${element}&quot; == &quot;transcript_upload&quot;">
<kw name="Set Variable" library="BuiltIn">
<var>${res}</var>
<arg>xpath=//*[@id="transcript_upload_url"]</arg>
<doc>Returns the given values which can then be assigned to a variables.</doc>
<msg timestamp="20230522 11:40:49.723" level="INFO">${res} = xpath=//*[@id="transcript_upload_url"]</msg>
<status status="PASS" starttime="20230522 11:40:49.723" endtime="20230522 11:40:49.723"/>
</kw>
<status status="PASS" starttime="20230522 11:40:49.723" endtime="20230522 11:40:49.723"/>
</branch>
<branch type="ELSE IF" condition="&quot;${element}&quot; == &quot;episode_form_submit_button&quot;">
<kw name="Set Variable" library="BuiltIn">
<var>${res}</var>
<arg>xpath=//*[@id="episode_form_submit_button"]</arg>
<doc>Returns the given values which can then be assigned to a variables.</doc>
<status status="NOT RUN" starttime="20230522 11:40:49.724" endtime="20230522 11:40:49.724"/>
</kw>
<status status="NOT RUN" starttime="20230522 11:40:49.723" endtime="20230522 11:40:49.724"/>
</branch>
<status status="PASS" starttime="20230522 11:40:49.721" endtime="20230522 11:40:49.724"/>
</if>
<msg timestamp="20230522 11:40:49.724" level="INFO">${element} = xpath=//*[@id="transcript_upload_url"]</msg>
<status status="PASS" starttime="20230522 11:40:49.721" endtime="20230522 11:40:49.724"/>
</kw>
<kw name="Choose File" library="SeleniumLibrary">
<arg>${element}</arg>
<arg>${ep_transcript_file}</arg>
<doc>Inputs the ``file_path`` into the file input field ``locator``.</doc>
<msg timestamp="20230522 11:40:49.725" level="INFO">Sending /Users/sergey/Documents/Python-projects/fireside-transcript-from-gdocs/src/dev/transcripts/e1.txt to browser.</msg>
<status status="PASS" starttime="20230522 11:40:49.724" endtime="20230522 11:40:49.907"/>
</kw>
<kw name="Wait Until Page Contains" library="SeleniumLibrary">
<arg>Upload Complete!</arg>
<doc>Waits until ``text`` appears on the current page.</doc>
<status status="PASS" starttime="20230522 11:40:49.908" endtime="20230522 11:40:49.975"/>
</kw>
<kw name="Get xpath">
<var>${element}</var>
<arg>episode_form_submit_button</arg>
<if>
<branch type="IF" condition="&quot;${element}&quot; == &quot;login_username&quot;">
<kw name="Set Variable" library="BuiltIn">
<var>${res}</var>
<arg>xpath=//*[@id="email"]</arg>
<doc>Returns the given values which can then be assigned to a variables.</doc>
<status status="NOT RUN" starttime="20230522 11:40:49.976" endtime="20230522 11:40:49.976"/>
</kw>
<status status="NOT RUN" starttime="20230522 11:40:49.975" endtime="20230522 11:40:49.976"/>
</branch>
<branch type="ELSE IF" condition="&quot;${element}&quot; == &quot;login_pass&quot;">
<kw name="Set Variable" library="BuiltIn">
<var>${res}</var>
<arg>xpath=//*[@id="password"]</arg>
<doc>Returns the given values which can then be assigned to a variables.</doc>
<status status="NOT RUN" starttime="20230522 11:40:49.976" endtime="20230522 11:40:49.976"/>
</kw>
<status status="NOT RUN" starttime="20230522 11:40:49.976" endtime="20230522 11:40:49.976"/>
</branch>
<branch type="ELSE IF" condition="&quot;${element}&quot; == &quot;login_button&quot;">
<kw name="Get WebElement" library="SeleniumLibrary">
<var>${res}</var>
<arg>xpath=//*[@type="submit"]</arg>
<doc>Returns the first WebElement matching the given ``locator``.</doc>
<status status="NOT RUN" starttime="20230522 11:40:49.976" endtime="20230522 11:40:49.976"/>
</kw>
<status status="NOT RUN" starttime="20230522 11:40:49.976" endtime="20230522 11:40:49.976"/>
</branch>
<branch type="ELSE IF" condition="&quot;${element}&quot; == &quot;welcome_content&quot;">
<kw name="Set Variable" library="BuiltIn">
<var>${res}</var>
<arg>xpath=//*[@data-dismiss="alert"]</arg>
<doc>Returns the given values which can then be assigned to a variables.</doc>
<status status="NOT RUN" starttime="20230522 11:40:49.977" endtime="20230522 11:40:49.977"/>
</kw>
<status status="NOT RUN" starttime="20230522 11:40:49.976" endtime="20230522 11:40:49.977"/>
</branch>
<branch type="ELSE IF" condition="&quot;${element}&quot; == &quot;transcript_panel&quot;">
<kw name="Set Variable" library="BuiltIn">
<var>${res}</var>
<arg>xpath=//*[@aria-controls="transcript-panel"]</arg>
<doc>Returns the given values which can then be assigned to a variables.</doc>
<status status="NOT RUN" starttime="20230522 11:40:49.977" endtime="20230522 11:40:49.977"/>
</kw>
<status status="NOT RUN" starttime="20230522 11:40:49.977" endtime="20230522 11:40:49.977"/>
</branch>
<branch type="ELSE IF" condition="&quot;${element}&quot; == &quot;transcript_upload&quot;">
<kw name="Set Variable" library="BuiltIn">
<var>${res}</var>
<arg>xpath=//*[@id="transcript_upload_url"]</arg>
<doc>Returns the given values which can then be assigned to a variables.</doc>
<status status="NOT RUN" starttime="20230522 11:40:49.978" endtime="20230522 11:40:49.978"/>
</kw>
<status status="NOT RUN" starttime="20230522 11:40:49.977" endtime="20230522 11:40:49.978"/>
</branch>
<branch type="ELSE IF" condition="&quot;${element}&quot; == &quot;episode_form_submit_button&quot;">
<kw name="Set Variable" library="BuiltIn">
<var>${res}</var>
<arg>xpath=//*[@id="episode_form_submit_button"]</arg>
<doc>Returns the given values which can then be assigned to a variables.</doc>
<msg timestamp="20230522 11:40:49.978" level="INFO">${res} = xpath=//*[@id="episode_form_submit_button"]</msg>
<status status="PASS" starttime="20230522 11:40:49.978" endtime="20230522 11:40:49.978"/>
</kw>
<status status="PASS" starttime="20230522 11:40:49.978" endtime="20230522 11:40:49.978"/>
</branch>
<status status="PASS" starttime="20230522 11:40:49.975" endtime="20230522 11:40:49.978"/>
</if>
<msg timestamp="20230522 11:40:49.979" level="INFO">${element} = xpath=//*[@id="episode_form_submit_button"]</msg>
<status status="PASS" starttime="20230522 11:40:49.975" endtime="20230522 11:40:49.979"/>
</kw>
<kw name="Set Selenium Speed" library="SeleniumLibrary">
<var>${speed}</var>
<arg>${speed}</arg>
<doc>Sets the delay that is waited after each Selenium command.</doc>
<msg timestamp="20230522 11:40:49.980" level="INFO">${speed} = 0 seconds</msg>
<status status="PASS" starttime="20230522 11:40:49.979" endtime="20230522 11:40:49.980"/>
</kw>
<kw name="Click Element" library="SeleniumLibrary">
<arg>${element}</arg>
<doc>Click the element identified by ``locator``.</doc>
<msg timestamp="20230522 11:40:49.981" level="INFO">Clicking element 'xpath=//*[@id="episode_form_submit_button"]'.</msg>
<status status="PASS" starttime="20230522 11:40:49.980" endtime="20230522 11:40:59.448"/>
</kw>
<kw name="Set Selenium Speed" library="SeleniumLibrary">
<var>${speed}</var>
<arg>${speed}</arg>
<doc>Sets the delay that is waited after each Selenium command.</doc>
<msg timestamp="20230522 11:40:59.449" level="INFO">${speed} = 3 seconds</msg>
<status status="PASS" starttime="20230522 11:40:59.448" endtime="20230522 11:40:59.449"/>
</kw>
<kw name="Wait Until Page Contains" library="SeleniumLibrary">
<arg>Episode was successfully updated.</arg>
<doc>Waits until ``text`` appears on the current page.</doc>
<status status="PASS" starttime="20230522 11:40:59.449" endtime="20230522 11:40:59.482"/>
</kw>
<status status="PASS" starttime="20230522 11:40:44.740" endtime="20230522 11:40:59.483"/>
</test>
<test id="s1-t3" name="Clear up - close" line="79">
<kw name="Close Browser" library="SeleniumLibrary">
<doc>Closes the current browser.</doc>
<status status="PASS" starttime="20230522 11:40:59.484" endtime="20230522 11:40:59.726"/>
</kw>
<status status="PASS" starttime="20230522 11:40:59.483" endtime="20230522 11:40:59.726"/>
</test>
<status status="PASS" starttime="20230522 11:40:34.218" endtime="20230522 11:40:59.727"/>
</suite>
<statistics>
<total>
<stat pass="3" fail="0" skip="0">All Tests</stat>
</total>
<tag>
</tag>
<suite>
<stat pass="3" fail="0" skip="0" id="s1" name="Robot Actions">Robot Actions</stat>
</suite>
</statistics>
<errors>
</errors>
</robot>
